<?xml version="1.0" encoding="UTF-8" standalone="no"?>
<testsuite failures="5" name="cucumber.runtime.formatter.JUnitFormatter" skipped="0" tests="5" time="0.088462">
<testcase classname="Calculate division of two integers" name="Calculate the division of two integers" time="0.087018">
<failure message="java.lang.NullPointerException&#10;&#9;at calculator.division_calculator.CalculatorStepdefs.i_perform_division_of_integers_Dividend_on_Divisor(CalculatorStepdefs.java:37)&#10;&#9;at ✽.When :  I perform division of integers Dividend1 on Divisor1(calculator.feature:9)&#10;"><![CDATA[Given : I am on Calculator App..............................................passed
When :  I perform division of integers Dividend1 on Divisor1................failed
Then :  I get the respective Quotient1......................................skipped

StackTrace:
java.lang.NullPointerException
	at calculator.division_calculator.CalculatorStepdefs.i_perform_division_of_integers_Dividend_on_Divisor(CalculatorStepdefs.java:37)
	at ✽.When :  I perform division of integers Dividend1 on Divisor1(calculator.feature:9)
]]></failure>
</testcase>
<testcase classname="Calculate division of two integers" name="Calculate the division of two integers 2" time="0.000434">
<failure message="java.lang.NullPointerException&#10;&#9;at calculator.division_calculator.CalculatorStepdefs.i_perform_division_of_integers_Dividend_on_Divisor(CalculatorStepdefs.java:37)&#10;&#9;at ✽.When :  I perform division of integers Dividend2 on Divisor2(calculator.feature:9)&#10;"><![CDATA[Given : I am on Calculator App..............................................passed
When :  I perform division of integers Dividend2 on Divisor2................failed
Then :  I get the respective Quotient2......................................skipped

StackTrace:
java.lang.NullPointerException
	at calculator.division_calculator.CalculatorStepdefs.i_perform_division_of_integers_Dividend_on_Divisor(CalculatorStepdefs.java:37)
	at ✽.When :  I perform division of integers Dividend2 on Divisor2(calculator.feature:9)
]]></failure>
</testcase>
<testcase classname="Calculate division of two integers" name="Calculate the division of two integers 3" time="0.000354">
<failure message="java.lang.NullPointerException&#10;&#9;at calculator.division_calculator.CalculatorStepdefs.i_perform_division_of_integers_Dividend_on_Divisor(CalculatorStepdefs.java:37)&#10;&#9;at ✽.When :  I perform division of integers Dividend3 on Divisor3(calculator.feature:9)&#10;"><![CDATA[Given : I am on Calculator App..............................................passed
When :  I perform division of integers Dividend3 on Divisor3................failed
Then :  I get the respective Quotient3......................................skipped

StackTrace:
java.lang.NullPointerException
	at calculator.division_calculator.CalculatorStepdefs.i_perform_division_of_integers_Dividend_on_Divisor(CalculatorStepdefs.java:37)
	at ✽.When :  I perform division of integers Dividend3 on Divisor3(calculator.feature:9)
]]></failure>
</testcase>
<testcase classname="Calculate division of two integers" name="Calculate the division of two integers 4" time="0.000309">
<failure message="java.lang.NullPointerException&#10;&#9;at calculator.division_calculator.CalculatorStepdefs.i_perform_division_of_integers_Dividend_on_Divisor(CalculatorStepdefs.java:37)&#10;&#9;at ✽.When :  I perform division of integers Dividend4 on Divisor4(calculator.feature:9)&#10;"><![CDATA[Given : I am on Calculator App..............................................passed
When :  I perform division of integers Dividend4 on Divisor4................failed
Then :  I get the respective Quotient4......................................skipped

StackTrace:
java.lang.NullPointerException
	at calculator.division_calculator.CalculatorStepdefs.i_perform_division_of_integers_Dividend_on_Divisor(CalculatorStepdefs.java:37)
	at ✽.When :  I perform division of integers Dividend4 on Divisor4(calculator.feature:9)
]]></failure>
</testcase>
<testcase classname="Calculate division of two integers" name="Calculate the division of two integers 5" time="0.000347">
<failure message="java.lang.NullPointerException&#10;&#9;at calculator.division_calculator.CalculatorStepdefs.i_perform_division_of_integers_Dividend_on_Divisor(CalculatorStepdefs.java:37)&#10;&#9;at ✽.When :  I perform division of integers Dividend5 on Divisor5(calculator.feature:9)&#10;"><![CDATA[Given : I am on Calculator App..............................................passed
When :  I perform division of integers Dividend5 on Divisor5................failed
Then :  I get the respective Quotient5......................................skipped

StackTrace:
java.lang.NullPointerException
	at calculator.division_calculator.CalculatorStepdefs.i_perform_division_of_integers_Dividend_on_Divisor(CalculatorStepdefs.java:37)
	at ✽.When :  I perform division of integers Dividend5 on Divisor5(calculator.feature:9)
]]></failure>
</testcase>
</testsuite>
